<?xml version="1.0" encoding="UTF-8"?>
<testsuite name="VisitorTest" tests="1" skipped="0" failures="0" errors="0" timestamp="2020-04-19T19:11:17" hostname="umuzi-admin" time="0.001">
  <properties/>
  <testcase name="saveVisitorTest" classname="VisitorTest" time="0.001"/>
  <system-out><![CDATA[]]></system-out>
  <system-err><![CDATA[]]></system-err>
</testsuite>
